2023-11-23 19:16:05,708 - numexpr.utils - INFO - Note: NumExpr detected 10 cores but "NUMEXPR_MAX_THREADS" not set, so enforcing safe limit of 8.
2023-11-23 19:16:05,708 - numexpr.utils - INFO - NumExpr defaulting to 8 threads.
2023-11-23 19:16:05,985 - root - INFO - Initialization is processing.
2023-11-23 19:16:05,991 - root - INFO - Starting training process.
2023-11-23 19:16:05,991 - root - INFO - Making predictions on the given dataset.
2023-11-23 19:16:05,991 - root - INFO - Converting labels to long tensor format.
2023-11-23 19:16:05,992 - root - INFO - Computing loss.
2023-11-23 19:16:05,992 - root - INFO - Performing backpropagation.
2023-11-23 19:16:06,006 - root - INFO - Converting labels to long tensor format.
2023-11-23 19:16:06,006 - root - INFO - Computing loss.
2023-11-23 19:16:06,006 - root - INFO - Performing backpropagation.
2023-11-23 19:16:06,007 - root - INFO - Converting labels to long tensor format.
2023-11-23 19:16:06,008 - root - INFO - Computing loss.
2023-11-23 19:16:06,008 - root - INFO - Performing backpropagation.
2023-11-23 19:16:06,009 - root - INFO - Converting labels to long tensor format.
2023-11-23 19:16:06,010 - root - INFO - Computing loss.
2023-11-23 19:16:06,010 - root - INFO - Performing backpropagation.
2023-11-23 19:16:06,011 - root - INFO - Converting labels to long tensor format.
2023-11-23 19:16:06,011 - root - INFO - Computing loss.
2023-11-23 19:16:06,011 - root - INFO - Performing backpropagation.
2023-11-23 19:16:06,013 - root - INFO - Converting labels to long tensor format.
2023-11-23 19:16:06,013 - root - INFO - Computing loss.
2023-11-23 19:16:06,013 - root - INFO - Performing backpropagation.
2023-11-23 19:16:06,014 - root - INFO - Converting labels to long tensor format.
2023-11-23 19:16:06,015 - root - INFO - Computing loss.
2023-11-23 19:16:06,015 - root - INFO - Performing backpropagation.
2023-11-23 19:16:06,016 - root - INFO - Converting labels to long tensor format.
2023-11-23 19:16:06,016 - root - INFO - Computing loss.
2023-11-23 19:16:06,016 - root - INFO - Performing backpropagation.
2023-11-23 19:16:06,018 - root - INFO - Making predictions on the given dataset.
2023-11-23 19:16:06,018 - root - INFO - Converting labels to long tensor format.
2023-11-23 19:16:06,018 - root - INFO - Computing loss.
2023-11-23 19:16:06,018 - root - INFO - Converting labels to long tensor format.
2023-11-23 19:16:06,018 - root - INFO - Computing loss.
2023-11-23 19:16:06,018 - root - INFO - Epoch: 1/10
2023-11-23 19:16:06,018 - root - INFO - Computing accuracy.
2023-11-23 19:16:06,019 - root - INFO - Computing accuracy.
2023-11-23 19:16:06,019 - root - INFO - Saving The Loss And Train In The History
2023-11-23 19:16:06,019 - root - INFO - Saving historical data.
2023-11-23 19:16:06,019 - root - INFO - Saving historical data.
2023-11-23 19:16:06,019 - root - INFO - Displaying progress.
2023-11-23 19:16:06,019 - root - INFO - Making predictions on the given dataset.
2023-11-23 19:16:06,019 - root - INFO - Converting labels to long tensor format.
2023-11-23 19:16:06,019 - root - INFO - Computing loss.
2023-11-23 19:16:06,019 - root - INFO - Performing backpropagation.
2023-11-23 19:16:06,021 - root - INFO - Converting labels to long tensor format.
2023-11-23 19:16:06,021 - root - INFO - Computing loss.
2023-11-23 19:16:06,021 - root - INFO - Performing backpropagation.
2023-11-23 19:16:06,022 - root - INFO - Converting labels to long tensor format.
2023-11-23 19:16:06,023 - root - INFO - Computing loss.
2023-11-23 19:16:06,023 - root - INFO - Performing backpropagation.
2023-11-23 19:16:06,024 - root - INFO - Converting labels to long tensor format.
2023-11-23 19:16:06,025 - root - INFO - Computing loss.
2023-11-23 19:16:06,025 - root - INFO - Performing backpropagation.
2023-11-23 19:16:06,026 - root - INFO - Converting labels to long tensor format.
2023-11-23 19:16:06,027 - root - INFO - Computing loss.
2023-11-23 19:16:06,027 - root - INFO - Performing backpropagation.
2023-11-23 19:16:06,028 - root - INFO - Converting labels to long tensor format.
2023-11-23 19:16:06,029 - root - INFO - Computing loss.
2023-11-23 19:16:06,029 - root - INFO - Performing backpropagation.
2023-11-23 19:16:06,030 - root - INFO - Converting labels to long tensor format.
2023-11-23 19:16:06,030 - root - INFO - Computing loss.
2023-11-23 19:16:06,030 - root - INFO - Performing backpropagation.
2023-11-23 19:16:06,032 - root - INFO - Converting labels to long tensor format.
2023-11-23 19:16:06,032 - root - INFO - Computing loss.
2023-11-23 19:16:06,032 - root - INFO - Performing backpropagation.
2023-11-23 19:16:06,033 - root - INFO - Making predictions on the given dataset.
2023-11-23 19:16:06,033 - root - INFO - Converting labels to long tensor format.
2023-11-23 19:16:06,034 - root - INFO - Computing loss.
2023-11-23 19:16:06,034 - root - INFO - Converting labels to long tensor format.
2023-11-23 19:16:06,034 - root - INFO - Computing loss.
2023-11-23 19:16:06,034 - root - INFO - Epoch: 2/10
2023-11-23 19:16:06,034 - root - INFO - Computing accuracy.
2023-11-23 19:16:06,034 - root - INFO - Computing accuracy.
2023-11-23 19:16:06,034 - root - INFO - Saving The Loss And Train In The History
2023-11-23 19:16:06,034 - root - INFO - Saving historical data.
2023-11-23 19:16:06,034 - root - INFO - Saving historical data.
2023-11-23 19:16:06,035 - root - INFO - Displaying progress.
2023-11-23 19:16:06,035 - root - INFO - Making predictions on the given dataset.
2023-11-23 19:16:06,035 - root - INFO - Converting labels to long tensor format.
2023-11-23 19:16:06,035 - root - INFO - Computing loss.
2023-11-23 19:16:06,035 - root - INFO - Performing backpropagation.
2023-11-23 19:16:06,036 - root - INFO - Converting labels to long tensor format.
2023-11-23 19:16:06,036 - root - INFO - Computing loss.
2023-11-23 19:16:06,036 - root - INFO - Performing backpropagation.
2023-11-23 19:16:06,038 - root - INFO - Converting labels to long tensor format.
2023-11-23 19:16:06,038 - root - INFO - Computing loss.
2023-11-23 19:16:06,038 - root - INFO - Performing backpropagation.
2023-11-23 19:16:06,040 - root - INFO - Converting labels to long tensor format.
2023-11-23 19:16:06,040 - root - INFO - Computing loss.
2023-11-23 19:16:06,040 - root - INFO - Performing backpropagation.
2023-11-23 19:16:06,042 - root - INFO - Converting labels to long tensor format.
2023-11-23 19:16:06,042 - root - INFO - Computing loss.
2023-11-23 19:16:06,042 - root - INFO - Performing backpropagation.
2023-11-23 19:16:06,043 - root - INFO - Converting labels to long tensor format.
2023-11-23 19:16:06,044 - root - INFO - Computing loss.
2023-11-23 19:16:06,044 - root - INFO - Performing backpropagation.
2023-11-23 19:16:06,045 - root - INFO - Converting labels to long tensor format.
2023-11-23 19:16:06,045 - root - INFO - Computing loss.
2023-11-23 19:16:06,045 - root - INFO - Performing backpropagation.
2023-11-23 19:16:06,047 - root - INFO - Converting labels to long tensor format.
2023-11-23 19:16:06,047 - root - INFO - Computing loss.
2023-11-23 19:16:06,047 - root - INFO - Performing backpropagation.
2023-11-23 19:16:06,049 - root - INFO - Making predictions on the given dataset.
2023-11-23 19:16:06,049 - root - INFO - Converting labels to long tensor format.
2023-11-23 19:16:06,049 - root - INFO - Computing loss.
2023-11-23 19:16:06,049 - root - INFO - Converting labels to long tensor format.
2023-11-23 19:16:06,049 - root - INFO - Computing loss.
2023-11-23 19:16:06,049 - root - INFO - Epoch: 3/10
2023-11-23 19:16:06,049 - root - INFO - Computing accuracy.
2023-11-23 19:16:06,049 - root - INFO - Computing accuracy.
2023-11-23 19:16:06,050 - root - INFO - Saving The Loss And Train In The History
2023-11-23 19:16:06,050 - root - INFO - Saving historical data.
2023-11-23 19:16:06,050 - root - INFO - Saving historical data.
2023-11-23 19:16:06,050 - root - INFO - Displaying progress.
2023-11-23 19:16:06,050 - root - INFO - Making predictions on the given dataset.
2023-11-23 19:16:06,050 - root - INFO - Converting labels to long tensor format.
2023-11-23 19:16:06,050 - root - INFO - Computing loss.
2023-11-23 19:16:06,050 - root - INFO - Performing backpropagation.
2023-11-23 19:16:06,051 - root - INFO - Converting labels to long tensor format.
2023-11-23 19:16:06,052 - root - INFO - Computing loss.
2023-11-23 19:16:06,052 - root - INFO - Performing backpropagation.
2023-11-23 19:16:06,053 - root - INFO - Converting labels to long tensor format.
2023-11-23 19:16:06,053 - root - INFO - Computing loss.
2023-11-23 19:16:06,053 - root - INFO - Performing backpropagation.
2023-11-23 19:16:06,055 - root - INFO - Converting labels to long tensor format.
2023-11-23 19:16:06,055 - root - INFO - Computing loss.
2023-11-23 19:16:06,055 - root - INFO - Performing backpropagation.
2023-11-23 19:16:06,056 - root - INFO - Converting labels to long tensor format.
2023-11-23 19:16:06,057 - root - INFO - Computing loss.
2023-11-23 19:16:06,057 - root - INFO - Performing backpropagation.
2023-11-23 19:16:06,058 - root - INFO - Converting labels to long tensor format.
2023-11-23 19:16:06,058 - root - INFO - Computing loss.
2023-11-23 19:16:06,058 - root - INFO - Performing backpropagation.
2023-11-23 19:16:06,060 - root - INFO - Converting labels to long tensor format.
2023-11-23 19:16:06,060 - root - INFO - Computing loss.
2023-11-23 19:16:06,060 - root - INFO - Performing backpropagation.
2023-11-23 19:16:06,061 - root - INFO - Converting labels to long tensor format.
2023-11-23 19:16:06,061 - root - INFO - Computing loss.
2023-11-23 19:16:06,061 - root - INFO - Performing backpropagation.
2023-11-23 19:16:06,063 - root - INFO - Making predictions on the given dataset.
2023-11-23 19:16:06,063 - root - INFO - Converting labels to long tensor format.
2023-11-23 19:16:06,063 - root - INFO - Computing loss.
2023-11-23 19:16:06,063 - root - INFO - Converting labels to long tensor format.
2023-11-23 19:16:06,064 - root - INFO - Computing loss.
2023-11-23 19:16:06,064 - root - INFO - Epoch: 4/10
2023-11-23 19:16:06,064 - root - INFO - Computing accuracy.
2023-11-23 19:16:06,064 - root - INFO - Computing accuracy.
2023-11-23 19:16:06,064 - root - INFO - Saving The Loss And Train In The History
2023-11-23 19:16:06,064 - root - INFO - Saving historical data.
2023-11-23 19:16:06,064 - root - INFO - Saving historical data.
2023-11-23 19:16:06,064 - root - INFO - Displaying progress.
2023-11-23 19:16:06,065 - root - INFO - Making predictions on the given dataset.
2023-11-23 19:16:06,065 - root - INFO - Converting labels to long tensor format.
2023-11-23 19:16:06,065 - root - INFO - Computing loss.
2023-11-23 19:16:06,065 - root - INFO - Performing backpropagation.
2023-11-23 19:16:06,066 - root - INFO - Converting labels to long tensor format.
2023-11-23 19:16:06,066 - root - INFO - Computing loss.
2023-11-23 19:16:06,067 - root - INFO - Performing backpropagation.
2023-11-23 19:16:06,068 - root - INFO - Converting labels to long tensor format.
2023-11-23 19:16:06,068 - root - INFO - Computing loss.
2023-11-23 19:16:06,068 - root - INFO - Performing backpropagation.
2023-11-23 19:16:06,070 - root - INFO - Converting labels to long tensor format.
2023-11-23 19:16:06,070 - root - INFO - Computing loss.
2023-11-23 19:16:06,070 - root - INFO - Performing backpropagation.
2023-11-23 19:16:06,071 - root - INFO - Converting labels to long tensor format.
2023-11-23 19:16:06,071 - root - INFO - Computing loss.
2023-11-23 19:16:06,071 - root - INFO - Performing backpropagation.
2023-11-23 19:16:06,073 - root - INFO - Converting labels to long tensor format.
2023-11-23 19:16:06,073 - root - INFO - Computing loss.
2023-11-23 19:16:06,073 - root - INFO - Performing backpropagation.
2023-11-23 19:16:06,075 - root - INFO - Converting labels to long tensor format.
2023-11-23 19:16:06,075 - root - INFO - Computing loss.
2023-11-23 19:16:06,075 - root - INFO - Performing backpropagation.
2023-11-23 19:16:06,076 - root - INFO - Converting labels to long tensor format.
2023-11-23 19:16:06,076 - root - INFO - Computing loss.
2023-11-23 19:16:06,076 - root - INFO - Performing backpropagation.
2023-11-23 19:16:06,078 - root - INFO - Making predictions on the given dataset.
2023-11-23 19:16:06,078 - root - INFO - Converting labels to long tensor format.
2023-11-23 19:16:06,078 - root - INFO - Computing loss.
2023-11-23 19:16:06,078 - root - INFO - Converting labels to long tensor format.
2023-11-23 19:16:06,078 - root - INFO - Computing loss.
2023-11-23 19:16:06,078 - root - INFO - Epoch: 5/10
2023-11-23 19:16:06,078 - root - INFO - Computing accuracy.
2023-11-23 19:16:06,078 - root - INFO - Computing accuracy.
2023-11-23 19:16:06,079 - root - INFO - Saving The Loss And Train In The History
2023-11-23 19:16:06,079 - root - INFO - Saving historical data.
2023-11-23 19:16:06,079 - root - INFO - Saving historical data.
2023-11-23 19:16:06,079 - root - INFO - Displaying progress.
2023-11-23 19:16:06,079 - root - INFO - Making predictions on the given dataset.
2023-11-23 19:16:06,079 - root - INFO - Converting labels to long tensor format.
2023-11-23 19:16:06,079 - root - INFO - Computing loss.
2023-11-23 19:16:06,079 - root - INFO - Performing backpropagation.
2023-11-23 19:16:06,081 - root - INFO - Converting labels to long tensor format.
2023-11-23 19:16:06,081 - root - INFO - Computing loss.
2023-11-23 19:16:06,081 - root - INFO - Performing backpropagation.
2023-11-23 19:16:06,082 - root - INFO - Converting labels to long tensor format.
2023-11-23 19:16:06,082 - root - INFO - Computing loss.
2023-11-23 19:16:06,083 - root - INFO - Performing backpropagation.
2023-11-23 19:16:06,084 - root - INFO - Converting labels to long tensor format.
2023-11-23 19:16:06,084 - root - INFO - Computing loss.
2023-11-23 19:16:06,084 - root - INFO - Performing backpropagation.
2023-11-23 19:16:06,085 - root - INFO - Converting labels to long tensor format.
2023-11-23 19:16:06,086 - root - INFO - Computing loss.
2023-11-23 19:16:06,086 - root - INFO - Performing backpropagation.
2023-11-23 19:16:06,087 - root - INFO - Converting labels to long tensor format.
2023-11-23 19:16:06,087 - root - INFO - Computing loss.
2023-11-23 19:16:06,087 - root - INFO - Performing backpropagation.
2023-11-23 19:16:06,089 - root - INFO - Converting labels to long tensor format.
2023-11-23 19:16:06,089 - root - INFO - Computing loss.
2023-11-23 19:16:06,089 - root - INFO - Performing backpropagation.
2023-11-23 19:16:06,091 - root - INFO - Converting labels to long tensor format.
2023-11-23 19:16:06,091 - root - INFO - Computing loss.
2023-11-23 19:16:06,091 - root - INFO - Performing backpropagation.
2023-11-23 19:16:06,092 - root - INFO - Making predictions on the given dataset.
2023-11-23 19:16:06,092 - root - INFO - Converting labels to long tensor format.
2023-11-23 19:16:06,093 - root - INFO - Computing loss.
2023-11-23 19:16:06,093 - root - INFO - Converting labels to long tensor format.
2023-11-23 19:16:06,093 - root - INFO - Computing loss.
2023-11-23 19:16:06,093 - root - INFO - Epoch: 6/10
2023-11-23 19:16:06,093 - root - INFO - Computing accuracy.
2023-11-23 19:16:06,093 - root - INFO - Computing accuracy.
2023-11-23 19:16:06,093 - root - INFO - Saving The Loss And Train In The History
2023-11-23 19:16:06,093 - root - INFO - Saving historical data.
2023-11-23 19:16:06,093 - root - INFO - Saving historical data.
2023-11-23 19:16:06,093 - root - INFO - Displaying progress.
2023-11-23 19:16:06,093 - root - INFO - Making predictions on the given dataset.
2023-11-23 19:16:06,094 - root - INFO - Converting labels to long tensor format.
2023-11-23 19:16:06,094 - root - INFO - Computing loss.
2023-11-23 19:16:06,094 - root - INFO - Performing backpropagation.
2023-11-23 19:16:06,095 - root - INFO - Converting labels to long tensor format.
2023-11-23 19:16:06,095 - root - INFO - Computing loss.
2023-11-23 19:16:06,095 - root - INFO - Performing backpropagation.
2023-11-23 19:16:06,097 - root - INFO - Converting labels to long tensor format.
2023-11-23 19:16:06,097 - root - INFO - Computing loss.
2023-11-23 19:16:06,097 - root - INFO - Performing backpropagation.
2023-11-23 19:16:06,099 - root - INFO - Converting labels to long tensor format.
2023-11-23 19:16:06,099 - root - INFO - Computing loss.
2023-11-23 19:16:06,099 - root - INFO - Performing backpropagation.
2023-11-23 19:16:06,100 - root - INFO - Converting labels to long tensor format.
2023-11-23 19:16:06,100 - root - INFO - Computing loss.
2023-11-23 19:16:06,100 - root - INFO - Performing backpropagation.
2023-11-23 19:16:06,102 - root - INFO - Converting labels to long tensor format.
2023-11-23 19:16:06,102 - root - INFO - Computing loss.
2023-11-23 19:16:06,102 - root - INFO - Performing backpropagation.
2023-11-23 19:16:06,103 - root - INFO - Converting labels to long tensor format.
2023-11-23 19:16:06,103 - root - INFO - Computing loss.
2023-11-23 19:16:06,103 - root - INFO - Performing backpropagation.
2023-11-23 19:16:06,105 - root - INFO - Converting labels to long tensor format.
2023-11-23 19:16:06,105 - root - INFO - Computing loss.
2023-11-23 19:16:06,105 - root - INFO - Performing backpropagation.
2023-11-23 19:16:06,106 - root - INFO - Making predictions on the given dataset.
2023-11-23 19:16:06,107 - root - INFO - Converting labels to long tensor format.
2023-11-23 19:16:06,107 - root - INFO - Computing loss.
2023-11-23 19:16:06,107 - root - INFO - Converting labels to long tensor format.
2023-11-23 19:16:06,107 - root - INFO - Computing loss.
2023-11-23 19:16:06,107 - root - INFO - Epoch: 7/10
2023-11-23 19:16:06,107 - root - INFO - Computing accuracy.
2023-11-23 19:16:06,107 - root - INFO - Computing accuracy.
2023-11-23 19:16:06,108 - root - INFO - Saving The Loss And Train In The History
2023-11-23 19:16:06,108 - root - INFO - Saving historical data.
2023-11-23 19:16:06,108 - root - INFO - Saving historical data.
2023-11-23 19:16:06,108 - root - INFO - Displaying progress.
2023-11-23 19:16:06,108 - root - INFO - Making predictions on the given dataset.
2023-11-23 19:16:06,108 - root - INFO - Converting labels to long tensor format.
2023-11-23 19:16:06,108 - root - INFO - Computing loss.
2023-11-23 19:16:06,108 - root - INFO - Performing backpropagation.
2023-11-23 19:16:06,109 - root - INFO - Converting labels to long tensor format.
2023-11-23 19:16:06,110 - root - INFO - Computing loss.
2023-11-23 19:16:06,110 - root - INFO - Performing backpropagation.
2023-11-23 19:16:06,111 - root - INFO - Converting labels to long tensor format.
2023-11-23 19:16:06,111 - root - INFO - Computing loss.
2023-11-23 19:16:06,111 - root - INFO - Performing backpropagation.
2023-11-23 19:16:06,113 - root - INFO - Converting labels to long tensor format.
2023-11-23 19:16:06,113 - root - INFO - Computing loss.
2023-11-23 19:16:06,113 - root - INFO - Performing backpropagation.
2023-11-23 19:16:06,114 - root - INFO - Converting labels to long tensor format.
2023-11-23 19:16:06,114 - root - INFO - Computing loss.
2023-11-23 19:16:06,114 - root - INFO - Performing backpropagation.
2023-11-23 19:16:06,116 - root - INFO - Converting labels to long tensor format.
2023-11-23 19:16:06,116 - root - INFO - Computing loss.
2023-11-23 19:16:06,116 - root - INFO - Performing backpropagation.
2023-11-23 19:16:06,117 - root - INFO - Converting labels to long tensor format.
2023-11-23 19:16:06,118 - root - INFO - Computing loss.
2023-11-23 19:16:06,118 - root - INFO - Performing backpropagation.
2023-11-23 19:16:06,119 - root - INFO - Converting labels to long tensor format.
2023-11-23 19:16:06,119 - root - INFO - Computing loss.
2023-11-23 19:16:06,119 - root - INFO - Performing backpropagation.
2023-11-23 19:16:06,121 - root - INFO - Making predictions on the given dataset.
2023-11-23 19:16:06,122 - root - INFO - Converting labels to long tensor format.
2023-11-23 19:16:06,122 - root - INFO - Computing loss.
2023-11-23 19:16:06,122 - root - INFO - Converting labels to long tensor format.
2023-11-23 19:16:06,122 - root - INFO - Computing loss.
2023-11-23 19:16:06,122 - root - INFO - Epoch: 8/10
2023-11-23 19:16:06,122 - root - INFO - Computing accuracy.
2023-11-23 19:16:06,122 - root - INFO - Computing accuracy.
2023-11-23 19:16:06,123 - root - INFO - Saving The Loss And Train In The History
2023-11-23 19:16:06,123 - root - INFO - Saving historical data.
2023-11-23 19:16:06,123 - root - INFO - Saving historical data.
2023-11-23 19:16:06,123 - root - INFO - Displaying progress.
2023-11-23 19:16:06,123 - root - INFO - Making predictions on the given dataset.
2023-11-23 19:16:06,123 - root - INFO - Converting labels to long tensor format.
2023-11-23 19:16:06,123 - root - INFO - Computing loss.
2023-11-23 19:16:06,123 - root - INFO - Performing backpropagation.
2023-11-23 19:16:06,125 - root - INFO - Converting labels to long tensor format.
2023-11-23 19:16:06,125 - root - INFO - Computing loss.
2023-11-23 19:16:06,125 - root - INFO - Performing backpropagation.
2023-11-23 19:16:06,127 - root - INFO - Converting labels to long tensor format.
2023-11-23 19:16:06,127 - root - INFO - Computing loss.
2023-11-23 19:16:06,127 - root - INFO - Performing backpropagation.
2023-11-23 19:16:06,128 - root - INFO - Converting labels to long tensor format.
2023-11-23 19:16:06,128 - root - INFO - Computing loss.
2023-11-23 19:16:06,129 - root - INFO - Performing backpropagation.
2023-11-23 19:16:06,130 - root - INFO - Converting labels to long tensor format.
2023-11-23 19:16:06,130 - root - INFO - Computing loss.
2023-11-23 19:16:06,130 - root - INFO - Performing backpropagation.
2023-11-23 19:16:06,132 - root - INFO - Converting labels to long tensor format.
2023-11-23 19:16:06,132 - root - INFO - Computing loss.
2023-11-23 19:16:06,132 - root - INFO - Performing backpropagation.
2023-11-23 19:16:06,133 - root - INFO - Converting labels to long tensor format.
2023-11-23 19:16:06,133 - root - INFO - Computing loss.
2023-11-23 19:16:06,133 - root - INFO - Performing backpropagation.
2023-11-23 19:16:06,135 - root - INFO - Converting labels to long tensor format.
2023-11-23 19:16:06,135 - root - INFO - Computing loss.
2023-11-23 19:16:06,135 - root - INFO - Performing backpropagation.
2023-11-23 19:16:06,136 - root - INFO - Making predictions on the given dataset.
2023-11-23 19:16:06,137 - root - INFO - Converting labels to long tensor format.
2023-11-23 19:16:06,137 - root - INFO - Computing loss.
2023-11-23 19:16:06,137 - root - INFO - Converting labels to long tensor format.
2023-11-23 19:16:06,137 - root - INFO - Computing loss.
2023-11-23 19:16:06,137 - root - INFO - Epoch: 9/10
2023-11-23 19:16:06,137 - root - INFO - Computing accuracy.
2023-11-23 19:16:06,137 - root - INFO - Computing accuracy.
2023-11-23 19:16:06,138 - root - INFO - Saving The Loss And Train In The History
2023-11-23 19:16:06,138 - root - INFO - Saving historical data.
2023-11-23 19:16:06,138 - root - INFO - Saving historical data.
2023-11-23 19:16:06,138 - root - INFO - Displaying progress.
2023-11-23 19:16:06,138 - root - INFO - Making predictions on the given dataset.
2023-11-23 19:16:06,138 - root - INFO - Converting labels to long tensor format.
2023-11-23 19:16:06,138 - root - INFO - Computing loss.
2023-11-23 19:16:06,138 - root - INFO - Performing backpropagation.
2023-11-23 19:16:06,140 - root - INFO - Converting labels to long tensor format.
2023-11-23 19:16:06,140 - root - INFO - Computing loss.
2023-11-23 19:16:06,140 - root - INFO - Performing backpropagation.
2023-11-23 19:16:06,142 - root - INFO - Converting labels to long tensor format.
2023-11-23 19:16:06,142 - root - INFO - Computing loss.
2023-11-23 19:16:06,142 - root - INFO - Performing backpropagation.
2023-11-23 19:16:06,144 - root - INFO - Converting labels to long tensor format.
2023-11-23 19:16:06,144 - root - INFO - Computing loss.
2023-11-23 19:16:06,144 - root - INFO - Performing backpropagation.
2023-11-23 19:16:06,145 - root - INFO - Converting labels to long tensor format.
2023-11-23 19:16:06,146 - root - INFO - Computing loss.
2023-11-23 19:16:06,146 - root - INFO - Performing backpropagation.
2023-11-23 19:16:06,147 - root - INFO - Converting labels to long tensor format.
2023-11-23 19:16:06,147 - root - INFO - Computing loss.
2023-11-23 19:16:06,147 - root - INFO - Performing backpropagation.
2023-11-23 19:16:06,149 - root - INFO - Converting labels to long tensor format.
2023-11-23 19:16:06,149 - root - INFO - Computing loss.
2023-11-23 19:16:06,149 - root - INFO - Performing backpropagation.
2023-11-23 19:16:06,150 - root - INFO - Converting labels to long tensor format.
2023-11-23 19:16:06,151 - root - INFO - Computing loss.
2023-11-23 19:16:06,151 - root - INFO - Performing backpropagation.
2023-11-23 19:16:06,152 - root - INFO - Making predictions on the given dataset.
2023-11-23 19:16:06,152 - root - INFO - Converting labels to long tensor format.
2023-11-23 19:16:06,152 - root - INFO - Computing loss.
2023-11-23 19:16:06,152 - root - INFO - Converting labels to long tensor format.
2023-11-23 19:16:06,152 - root - INFO - Computing loss.
2023-11-23 19:16:06,152 - root - INFO - Epoch: 10/10
2023-11-23 19:16:06,153 - root - INFO - Computing accuracy.
2023-11-23 19:16:06,153 - root - INFO - Computing accuracy.
2023-11-23 19:16:06,153 - root - INFO - Saving The Loss And Train In The History
2023-11-23 19:16:06,153 - root - INFO - Saving historical data.
2023-11-23 19:16:06,153 - root - INFO - Saving historical data.
2023-11-23 19:16:06,153 - root - INFO - Displaying progress.
2023-11-23 19:16:06,154 - root - INFO - Visualizing Model Performance
2023-11-23 19:16:06,154 - root - INFO - Initializing Visualizer class
2023-11-23 19:16:08,882 - root - INFO - Initializing Visualizer class
